{"C:\\Users\\Alexander\\Documents\\TP1\\Desarrollo\\recomendacion-alimentos\\app.js": {"path":"C:\\Users\\Alexander\\Documents\\TP1\\Desarrollo\\recomendacion-alimentos\\app.js","statementMap":{"0":{"start":{"line":10,"column":12},"end":{"line":10,"column":21}},"1":{"start":{"line":12,"column":0},"end":{"line":12,"column":16}},"2":{"start":{"line":13,"column":0},"end":{"line":13,"column":24}},"3":{"start":{"line":16,"column":24},"end":{"line":16,"column":51}},"4":{"start":{"line":17,"column":0},"end":{"line":17,"column":72}},"5":{"start":{"line":19,"column":0},"end":{"line":19,"column":33}},"6":{"start":{"line":20,"column":0},"end":{"line":20,"column":35}}},"fnMap":{},"branchMap":{},"s":{"0":1,"1":1,"2":1,"3":1,"4":1,"5":1,"6":1},"f":{},"b":{},"_coverageSchema":"1a1c01bbd47fc00a2c39e90264f33305004495a9","hash":"2b791cd7e2e022999ba2881bc443bbffc4abdd48"}
,"C:\\Users\\Alexander\\Documents\\TP1\\Desarrollo\\recomendacion-alimentos\\config\\db.js": {"path":"C:\\Users\\Alexander\\Documents\\TP1\\Desarrollo\\recomendacion-alimentos\\config\\db.js","statementMap":{"0":{"start":{"line":2,"column":22},"end":{"line":2,"column":25}},"1":{"start":{"line":5,"column":0},"end":{"line":5,"column":16}},"2":{"start":{"line":7,"column":18},"end":{"line":20,"column":2}},"3":{"start":{"line":11,"column":4},"end":{"line":18,"column":5}},"4":{"start":{"line":17,"column":6},"end":{"line":17,"column":36}}},"fnMap":{"0":{"name":"(anonymous_0)","decl":{"start":{"line":9,"column":11},"end":{"line":9,"column":12}},"loc":{"start":{"line":9,"column":20},"end":{"line":19,"column":3}},"line":9}},"branchMap":{"0":{"loc":{"start":{"line":11,"column":4},"end":{"line":18,"column":5}},"type":"if","locations":[{"start":{"line":11,"column":4},"end":{"line":18,"column":5}},{"start":{},"end":{}}],"line":11},"1":{"loc":{"start":{"line":12,"column":6},"end":{"line":15,"column":41}},"type":"binary-expr","locations":[{"start":{"line":12,"column":6},"end":{"line":12,"column":51}},{"start":{"line":13,"column":6},"end":{"line":13,"column":51}},{"start":{"line":14,"column":6},"end":{"line":14,"column":51}},{"start":{"line":15,"column":6},"end":{"line":15,"column":41}}],"line":12}},"s":{"0":1,"1":1,"2":1,"3":7,"4":0},"f":{"0":7},"b":{"0":[0,7],"1":[7,7,7,7]},"_coverageSchema":"1a1c01bbd47fc00a2c39e90264f33305004495a9","hash":"8b395cd9c432eb3a61f3c9cdcbf9e72eb85fd32f"}
,"C:\\Users\\Alexander\\Documents\\TP1\\Desarrollo\\recomendacion-alimentos\\controllers\\adminController.js": {"path":"C:\\Users\\Alexander\\Documents\\TP1\\Desarrollo\\recomendacion-alimentos\\controllers\\adminController.js","statementMap":{"0":{"start":{"line":10,"column":27},"end":{"line":42,"column":1}},"1":{"start":{"line":11,"column":2},"end":{"line":41,"column":3}},"2":{"start":{"line":12,"column":27},"end":{"line":12,"column":42}},"3":{"start":{"line":13,"column":17},"end":{"line":13,"column":46}},"4":{"start":{"line":14,"column":18},"end":{"line":14,"column":49}},"5":{"start":{"line":15,"column":19},"end":{"line":15,"column":37}},"6":{"start":{"line":16,"column":20},"end":{"line":16,"column":52}},"7":{"start":{"line":17,"column":21},"end":{"line":17,"column":81}},"8":{"start":{"line":19,"column":28},"end":{"line":27,"column":6}},"9":{"start":{"line":29,"column":23},"end":{"line":29,"column":47}},"10":{"start":{"line":31,"column":4},"end":{"line":37,"column":7}},"11":{"start":{"line":39,"column":4},"end":{"line":39,"column":65}},"12":{"start":{"line":40,"column":4},"end":{"line":40,"column":60}},"13":{"start":{"line":45,"column":27},"end":{"line":59,"column":1}},"14":{"start":{"line":46,"column":2},"end":{"line":58,"column":3}},"15":{"start":{"line":47,"column":17},"end":{"line":49,"column":6}},"16":{"start":{"line":51,"column":4},"end":{"line":53,"column":5}},"17":{"start":{"line":52,"column":6},"end":{"line":52,"column":70}},"18":{"start":{"line":55,"column":4},"end":{"line":55,"column":23}},"19":{"start":{"line":57,"column":4},"end":{"line":57,"column":60}},"20":{"start":{"line":62,"column":26},"end":{"line":147,"column":1}},"21":{"start":{"line":63,"column":2},"end":{"line":146,"column":3}},"22":{"start":{"line":64,"column":17},"end":{"line":64,"column":51}},"23":{"start":{"line":66,"column":4},"end":{"line":68,"column":5}},"24":{"start":{"line":67,"column":6},"end":{"line":67,"column":70}},"25":{"start":{"line":78,"column":8},"end":{"line":78,"column":16}},"26":{"start":{"line":80,"column":25},"end":{"line":80,"column":78}},"27":{"start":{"line":81,"column":24},"end":{"line":81,"column":74}},"28":{"start":{"line":82,"column":26},"end":{"line":82,"column":82}},"29":{"start":{"line":84,"column":22},"end":{"line":84,"column":49}},"30":{"start":{"line":86,"column":4},"end":{"line":88,"column":5}},"31":{"start":{"line":87,"column":6},"end":{"line":87,"column":89}},"32":{"start":{"line":89,"column":4},"end":{"line":91,"column":5}},"33":{"start":{"line":90,"column":6},"end":{"line":90,"column":75}},"34":{"start":{"line":92,"column":4},"end":{"line":94,"column":5}},"35":{"start":{"line":93,"column":6},"end":{"line":93,"column":75}},"36":{"start":{"line":96,"column":4},"end":{"line":100,"column":5}},"37":{"start":{"line":97,"column":6},"end":{"line":99,"column":9}},"38":{"start":{"line":102,"column":25},"end":{"line":102,"column":48}},"39":{"start":{"line":103,"column":4},"end":{"line":107,"column":5}},"40":{"start":{"line":104,"column":6},"end":{"line":106,"column":9}},"41":{"start":{"line":109,"column":26},"end":{"line":116,"column":5}},"42":{"start":{"line":118,"column":4},"end":{"line":121,"column":5}},"43":{"start":{"line":119,"column":29},"end":{"line":119,"column":60}},"44":{"start":{"line":120,"column":6},"end":{"line":120,"column":46}},"45":{"start":{"line":123,"column":24},"end":{"line":123,"column":56}},"46":{"start":{"line":126,"column":18},"end":{"line":126,"column":54}},"47":{"start":{"line":127,"column":4},"end":{"line":133,"column":7}},"48":{"start":{"line":135,"column":41},"end":{"line":135,"column":61}},"49":{"start":{"line":137,"column":4},"end":{"line":140,"column":7}},"50":{"start":{"line":142,"column":4},"end":{"line":142,"column":57}},"51":{"start":{"line":143,"column":4},"end":{"line":145,"column":7}},"52":{"start":{"line":150,"column":26},"end":{"line":175,"column":1}},"53":{"start":{"line":151,"column":2},"end":{"line":174,"column":3}},"54":{"start":{"line":152,"column":17},"end":{"line":152,"column":51}},"55":{"start":{"line":154,"column":4},"end":{"line":156,"column":5}},"56":{"start":{"line":155,"column":6},"end":{"line":155,"column":70}},"57":{"start":{"line":158,"column":4},"end":{"line":158,"column":25}},"58":{"start":{"line":160,"column":18},"end":{"line":160,"column":54}},"59":{"start":{"line":162,"column":4},"end":{"line":168,"column":7}},"60":{"start":{"line":170,"column":4},"end":{"line":170,"column":61}},"61":{"start":{"line":172,"column":4},"end":{"line":172,"column":55}},"62":{"start":{"line":173,"column":4},"end":{"line":173,"column":65}},"63":{"start":{"line":178,"column":27},"end":{"line":224,"column":1}},"64":{"start":{"line":179,"column":2},"end":{"line":223,"column":3}},"65":{"start":{"line":180,"column":17},"end":{"line":182,"column":6}},"66":{"start":{"line":184,"column":4},"end":{"line":186,"column":5}},"67":{"start":{"line":185,"column":6},"end":{"line":185,"column":70}},"68":{"start":{"line":188,"column":4},"end":{"line":190,"column":5}},"69":{"start":{"line":189,"column":6},"end":{"line":189,"column":78}},"70":{"start":{"line":192,"column":4},"end":{"line":192,"column":25}},"71":{"start":{"line":194,"column":24},"end":{"line":201,"column":6}},"72":{"start":{"line":203,"column":23},"end":{"line":203,"column":24}},"73":{"start":{"line":204,"column":4},"end":{"line":206,"column":5}},"74":{"start":{"line":205,"column":6},"end":{"line":205,"column":50}},"75":{"start":{"line":208,"column":18},"end":{"line":208,"column":54}},"76":{"start":{"line":210,"column":4},"end":{"line":217,"column":7}},"77":{"start":{"line":219,"column":4},"end":{"line":219,"column":64}},"78":{"start":{"line":221,"column":4},"end":{"line":221,"column":58}},"79":{"start":{"line":222,"column":4},"end":{"line":222,"column":69}},"80":{"start":{"line":227,"column":35},"end":{"line":247,"column":1}},"81":{"start":{"line":228,"column":2},"end":{"line":246,"column":3}},"82":{"start":{"line":229,"column":20},"end":{"line":229,"column":35}},"83":{"start":{"line":230,"column":23},"end":{"line":230,"column":32}},"84":{"start":{"line":232,"column":18},"end":{"line":232,"column":44}},"85":{"start":{"line":233,"column":4},"end":{"line":235,"column":5}},"86":{"start":{"line":234,"column":6},"end":{"line":234,"column":28}},"87":{"start":{"line":237,"column":17},"end":{"line":240,"column":6}},"88":{"start":{"line":242,"column":4},"end":{"line":242,"column":35}},"89":{"start":{"line":244,"column":4},"end":{"line":244,"column":70}},"90":{"start":{"line":245,"column":4},"end":{"line":245,"column":79}},"91":{"start":{"line":249,"column":30},"end":{"line":314,"column":1}},"92":{"start":{"line":250,"column":2},"end":{"line":313,"column":3}},"93":{"start":{"line":251,"column":25},"end":{"line":251,"column":38}},"94":{"start":{"line":252,"column":21},"end":{"line":252,"column":29}},"95":{"start":{"line":253,"column":23},"end":{"line":253,"column":46}},"96":{"start":{"line":255,"column":4},"end":{"line":257,"column":5}},"97":{"start":{"line":256,"column":6},"end":{"line":256,"column":65}},"98":{"start":{"line":259,"column":20},"end":{"line":259,"column":35}},"99":{"start":{"line":260,"column":18},"end":{"line":260,"column":46}},"100":{"start":{"line":261,"column":17},"end":{"line":261,"column":50}},"101":{"start":{"line":263,"column":4},"end":{"line":265,"column":5}},"102":{"start":{"line":264,"column":6},"end":{"line":264,"column":70}},"103":{"start":{"line":268,"column":4},"end":{"line":270,"column":5}},"104":{"start":{"line":269,"column":6},"end":{"line":269,"column":80}},"105":{"start":{"line":273,"column":4},"end":{"line":277,"column":5}},"106":{"start":{"line":274,"column":6},"end":{"line":276,"column":9}},"107":{"start":{"line":280,"column":4},"end":{"line":284,"column":5}},"108":{"start":{"line":281,"column":6},"end":{"line":283,"column":9}},"109":{"start":{"line":286,"column":25},"end":{"line":286,"column":34}},"110":{"start":{"line":289,"column":4},"end":{"line":289,"column":21}},"111":{"start":{"line":290,"column":4},"end":{"line":290,"column":22}},"112":{"start":{"line":293,"column":4},"end":{"line":299,"column":7}},"113":{"start":{"line":301,"column":4},"end":{"line":308,"column":7}},"114":{"start":{"line":311,"column":4},"end":{"line":311,"column":63}},"115":{"start":{"line":312,"column":4},"end":{"line":312,"column":75}},"116":{"start":{"line":317,"column":29},"end":{"line":385,"column":1}},"117":{"start":{"line":318,"column":2},"end":{"line":384,"column":3}},"118":{"start":{"line":325,"column":8},"end":{"line":325,"column":16}},"119":{"start":{"line":328,"column":4},"end":{"line":330,"column":5}},"120":{"start":{"line":329,"column":6},"end":{"line":329,"column":83}},"121":{"start":{"line":332,"column":21},"end":{"line":336,"column":6}},"122":{"start":{"line":338,"column":4},"end":{"line":340,"column":5}},"123":{"start":{"line":339,"column":6},"end":{"line":339,"column":91}},"124":{"start":{"line":342,"column":22},"end":{"line":342,"column":49}},"125":{"start":{"line":343,"column":4},"end":{"line":345,"column":5}},"126":{"start":{"line":344,"column":6},"end":{"line":344,"column":97}},"127":{"start":{"line":348,"column":25},"end":{"line":348,"column":62}},"128":{"start":{"line":349,"column":27},"end":{"line":349,"column":62}},"129":{"start":{"line":352,"column":20},"end":{"line":361,"column":6}},"130":{"start":{"line":364,"column":4},"end":{"line":368,"column":6}},"131":{"start":{"line":371,"column":4},"end":{"line":379,"column":7}},"132":{"start":{"line":382,"column":4},"end":{"line":382,"column":57}},"133":{"start":{"line":383,"column":4},"end":{"line":383,"column":74}}},"fnMap":{"0":{"name":"(anonymous_0)","decl":{"start":{"line":10,"column":27},"end":{"line":10,"column":28}},"loc":{"start":{"line":10,"column":47},"end":{"line":42,"column":1}},"line":10},"1":{"name":"(anonymous_1)","decl":{"start":{"line":45,"column":27},"end":{"line":45,"column":28}},"loc":{"start":{"line":45,"column":47},"end":{"line":59,"column":1}},"line":45},"2":{"name":"(anonymous_2)","decl":{"start":{"line":62,"column":26},"end":{"line":62,"column":27}},"loc":{"start":{"line":62,"column":46},"end":{"line":147,"column":1}},"line":62},"3":{"name":"(anonymous_3)","decl":{"start":{"line":150,"column":26},"end":{"line":150,"column":27}},"loc":{"start":{"line":150,"column":46},"end":{"line":175,"column":1}},"line":150},"4":{"name":"(anonymous_4)","decl":{"start":{"line":178,"column":27},"end":{"line":178,"column":28}},"loc":{"start":{"line":178,"column":47},"end":{"line":224,"column":1}},"line":178},"5":{"name":"(anonymous_5)","decl":{"start":{"line":227,"column":35},"end":{"line":227,"column":36}},"loc":{"start":{"line":227,"column":55},"end":{"line":247,"column":1}},"line":227},"6":{"name":"(anonymous_6)","decl":{"start":{"line":249,"column":30},"end":{"line":249,"column":31}},"loc":{"start":{"line":249,"column":50},"end":{"line":314,"column":1}},"line":249},"7":{"name":"(anonymous_7)","decl":{"start":{"line":317,"column":29},"end":{"line":317,"column":30}},"loc":{"start":{"line":317,"column":49},"end":{"line":385,"column":1}},"line":317}},"branchMap":{"0":{"loc":{"start":{"line":13,"column":17},"end":{"line":13,"column":46}},"type":"binary-expr","locations":[{"start":{"line":13,"column":17},"end":{"line":13,"column":41}},{"start":{"line":13,"column":45},"end":{"line":13,"column":46}}],"line":13},"1":{"loc":{"start":{"line":14,"column":18},"end":{"line":14,"column":49}},"type":"binary-expr","locations":[{"start":{"line":14,"column":18},"end":{"line":14,"column":43}},{"start":{"line":14,"column":47},"end":{"line":14,"column":49}}],"line":14},"2":{"loc":{"start":{"line":16,"column":20},"end":{"line":16,"column":52}},"type":"binary-expr","locations":[{"start":{"line":16,"column":20},"end":{"line":16,"column":37}},{"start":{"line":16,"column":41},"end":{"line":16,"column":52}}],"line":16},"3":{"loc":{"start":{"line":17,"column":21},"end":{"line":17,"column":81}},"type":"cond-expr","locations":[{"start":{"line":17,"column":67},"end":{"line":17,"column":72}},{"start":{"line":17,"column":75},"end":{"line":17,"column":81}}],"line":17},"4":{"loc":{"start":{"line":51,"column":4},"end":{"line":53,"column":5}},"type":"if","locations":[{"start":{"line":51,"column":4},"end":{"line":53,"column":5}},{"start":{},"end":{}}],"line":51},"5":{"loc":{"start":{"line":66,"column":4},"end":{"line":68,"column":5}},"type":"if","locations":[{"start":{"line":66,"column":4},"end":{"line":68,"column":5}},{"start":{},"end":{}}],"line":66},"6":{"loc":{"start":{"line":80,"column":25},"end":{"line":80,"column":78}},"type":"cond-expr","locations":[{"start":{"line":80,"column":38},"end":{"line":80,"column":60}},{"start":{"line":80,"column":63},"end":{"line":80,"column":78}}],"line":80},"7":{"loc":{"start":{"line":81,"column":24},"end":{"line":81,"column":74}},"type":"cond-expr","locations":[{"start":{"line":81,"column":36},"end":{"line":81,"column":57}},{"start":{"line":81,"column":60},"end":{"line":81,"column":74}}],"line":81},"8":{"loc":{"start":{"line":82,"column":26},"end":{"line":82,"column":82}},"type":"cond-expr","locations":[{"start":{"line":82,"column":40},"end":{"line":82,"column":63}},{"start":{"line":82,"column":66},"end":{"line":82,"column":82}}],"line":82},"9":{"loc":{"start":{"line":86,"column":4},"end":{"line":88,"column":5}},"type":"if","locations":[{"start":{"line":86,"column":4},"end":{"line":88,"column":5}},{"start":{},"end":{}}],"line":86},"10":{"loc":{"start":{"line":86,"column":8},"end":{"line":86,"column":49}},"type":"binary-expr","locations":[{"start":{"line":86,"column":8},"end":{"line":86,"column":18}},{"start":{"line":86,"column":22},"end":{"line":86,"column":49}}],"line":86},"11":{"loc":{"start":{"line":89,"column":4},"end":{"line":91,"column":5}},"type":"if","locations":[{"start":{"line":89,"column":4},"end":{"line":91,"column":5}},{"start":{},"end":{}}],"line":89},"12":{"loc":{"start":{"line":89,"column":8},"end":{"line":89,"column":47}},"type":"binary-expr","locations":[{"start":{"line":89,"column":8},"end":{"line":89,"column":17}},{"start":{"line":89,"column":21},"end":{"line":89,"column":47}}],"line":89},"13":{"loc":{"start":{"line":92,"column":4},"end":{"line":94,"column":5}},"type":"if","locations":[{"start":{"line":92,"column":4},"end":{"line":94,"column":5}},{"start":{},"end":{}}],"line":92},"14":{"loc":{"start":{"line":92,"column":8},"end":{"line":92,"column":51}},"type":"binary-expr","locations":[{"start":{"line":92,"column":8},"end":{"line":92,"column":19}},{"start":{"line":92,"column":23},"end":{"line":92,"column":51}}],"line":92},"15":{"loc":{"start":{"line":96,"column":4},"end":{"line":100,"column":5}},"type":"if","locations":[{"start":{"line":96,"column":4},"end":{"line":100,"column":5}},{"start":{},"end":{}}],"line":96},"16":{"loc":{"start":{"line":96,"column":8},"end":{"line":96,"column":54}},"type":"binary-expr","locations":[{"start":{"line":96,"column":8},"end":{"line":96,"column":29}},{"start":{"line":96,"column":33},"end":{"line":96,"column":54}}],"line":96},"17":{"loc":{"start":{"line":103,"column":4},"end":{"line":107,"column":5}},"type":"if","locations":[{"start":{"line":103,"column":4},"end":{"line":107,"column":5}},{"start":{},"end":{}}],"line":103},"18":{"loc":{"start":{"line":103,"column":8},"end":{"line":103,"column":44}},"type":"binary-expr","locations":[{"start":{"line":103,"column":8},"end":{"line":103,"column":12}},{"start":{"line":103,"column":16},"end":{"line":103,"column":44}}],"line":103},"19":{"loc":{"start":{"line":118,"column":4},"end":{"line":121,"column":5}},"type":"if","locations":[{"start":{"line":118,"column":4},"end":{"line":121,"column":5}},{"start":{},"end":{}}],"line":118},"20":{"loc":{"start":{"line":154,"column":4},"end":{"line":156,"column":5}},"type":"if","locations":[{"start":{"line":154,"column":4},"end":{"line":156,"column":5}},{"start":{},"end":{}}],"line":154},"21":{"loc":{"start":{"line":184,"column":4},"end":{"line":186,"column":5}},"type":"if","locations":[{"start":{"line":184,"column":4},"end":{"line":186,"column":5}},{"start":{},"end":{}}],"line":184},"22":{"loc":{"start":{"line":188,"column":4},"end":{"line":190,"column":5}},"type":"if","locations":[{"start":{"line":188,"column":4},"end":{"line":190,"column":5}},{"start":{},"end":{}}],"line":188},"23":{"loc":{"start":{"line":204,"column":4},"end":{"line":206,"column":5}},"type":"if","locations":[{"start":{"line":204,"column":4},"end":{"line":206,"column":5}},{"start":{},"end":{}}],"line":204},"24":{"loc":{"start":{"line":233,"column":4},"end":{"line":235,"column":5}},"type":"if","locations":[{"start":{"line":233,"column":4},"end":{"line":235,"column":5}},{"start":{},"end":{}}],"line":233},"25":{"loc":{"start":{"line":255,"column":4},"end":{"line":257,"column":5}},"type":"if","locations":[{"start":{"line":255,"column":4},"end":{"line":257,"column":5}},{"start":{},"end":{}}],"line":255},"26":{"loc":{"start":{"line":263,"column":4},"end":{"line":265,"column":5}},"type":"if","locations":[{"start":{"line":263,"column":4},"end":{"line":265,"column":5}},{"start":{},"end":{}}],"line":263},"27":{"loc":{"start":{"line":268,"column":4},"end":{"line":270,"column":5}},"type":"if","locations":[{"start":{"line":268,"column":4},"end":{"line":270,"column":5}},{"start":{},"end":{}}],"line":268},"28":{"loc":{"start":{"line":268,"column":8},"end":{"line":268,"column":47}},"type":"binary-expr","locations":[{"start":{"line":268,"column":8},"end":{"line":268,"column":27}},{"start":{"line":268,"column":31},"end":{"line":268,"column":47}}],"line":268},"29":{"loc":{"start":{"line":273,"column":4},"end":{"line":277,"column":5}},"type":"if","locations":[{"start":{"line":273,"column":4},"end":{"line":277,"column":5}},{"start":{},"end":{}}],"line":273},"30":{"loc":{"start":{"line":280,"column":4},"end":{"line":284,"column":5}},"type":"if","locations":[{"start":{"line":280,"column":4},"end":{"line":284,"column":5}},{"start":{},"end":{}}],"line":280},"31":{"loc":{"start":{"line":280,"column":8},"end":{"line":280,"column":54}},"type":"binary-expr","locations":[{"start":{"line":280,"column":8},"end":{"line":280,"column":29}},{"start":{"line":280,"column":33},"end":{"line":280,"column":54}}],"line":280},"32":{"loc":{"start":{"line":328,"column":4},"end":{"line":330,"column":5}},"type":"if","locations":[{"start":{"line":328,"column":4},"end":{"line":330,"column":5}},{"start":{},"end":{}}],"line":328},"33":{"loc":{"start":{"line":328,"column":8},"end":{"line":328,"column":79}},"type":"binary-expr","locations":[{"start":{"line":328,"column":8},"end":{"line":328,"column":19}},{"start":{"line":328,"column":23},"end":{"line":328,"column":33}},{"start":{"line":328,"column":37},"end":{"line":328,"column":49}},{"start":{"line":328,"column":53},"end":{"line":328,"column":69}},{"start":{"line":328,"column":73},"end":{"line":328,"column":79}}],"line":328},"34":{"loc":{"start":{"line":338,"column":4},"end":{"line":340,"column":5}},"type":"if","locations":[{"start":{"line":338,"column":4},"end":{"line":340,"column":5}},{"start":{},"end":{}}],"line":338},"35":{"loc":{"start":{"line":343,"column":4},"end":{"line":345,"column":5}},"type":"if","locations":[{"start":{"line":343,"column":4},"end":{"line":345,"column":5}},{"start":{},"end":{}}],"line":343},"36":{"loc":{"start":{"line":343,"column":8},"end":{"line":343,"column":97}},"type":"binary-expr","locations":[{"start":{"line":343,"column":8},"end":{"line":343,"column":35}},{"start":{"line":343,"column":39},"end":{"line":343,"column":65}},{"start":{"line":343,"column":69},"end":{"line":343,"column":97}}],"line":343}},"s":{"0":1,"1":0,"2":0,"3":0,"4":0,"5":0,"6":0,"7":0,"8":0,"9":0,"10":0,"11":0,"12":0,"13":1,"14":0,"15":0,"16":0,"17":0,"18":0,"19":0,"20":1,"21":0,"22":0,"23":0,"24":0,"25":0,"26":0,"27":0,"28":0,"29":0,"30":0,"31":0,"32":0,"33":0,"34":0,"35":0,"36":0,"37":0,"38":0,"39":0,"40":0,"41":0,"42":0,"43":0,"44":0,"45":0,"46":0,"47":0,"48":0,"49":0,"50":0,"51":0,"52":1,"53":0,"54":0,"55":0,"56":0,"57":0,"58":0,"59":0,"60":0,"61":0,"62":0,"63":1,"64":0,"65":0,"66":0,"67":0,"68":0,"69":0,"70":0,"71":0,"72":0,"73":0,"74":0,"75":0,"76":0,"77":0,"78":0,"79":0,"80":1,"81":0,"82":0,"83":0,"84":0,"85":0,"86":0,"87":0,"88":0,"89":0,"90":0,"91":1,"92":0,"93":0,"94":0,"95":0,"96":0,"97":0,"98":0,"99":0,"100":0,"101":0,"102":0,"103":0,"104":0,"105":0,"106":0,"107":0,"108":0,"109":0,"110":0,"111":0,"112":0,"113":0,"114":0,"115":0,"116":1,"117":0,"118":0,"119":0,"120":0,"121":0,"122":0,"123":0,"124":0,"125":0,"126":0,"127":0,"128":0,"129":0,"130":0,"131":0,"132":0,"133":0},"f":{"0":0,"1":0,"2":0,"3":0,"4":0,"5":0,"6":0,"7":0},"b":{"0":[0,0],"1":[0,0],"2":[0,0],"3":[0,0],"4":[0,0],"5":[0,0],"6":[0,0],"7":[0,0],"8":[0,0],"9":[0,0],"10":[0,0],"11":[0,0],"12":[0,0],"13":[0,0],"14":[0,0],"15":[0,0],"16":[0,0],"17":[0,0],"18":[0,0],"19":[0,0],"20":[0,0],"21":[0,0],"22":[0,0],"23":[0,0],"24":[0,0],"25":[0,0],"26":[0,0],"27":[0,0],"28":[0,0],"29":[0,0],"30":[0,0],"31":[0,0],"32":[0,0],"33":[0,0,0,0,0],"34":[0,0],"35":[0,0],"36":[0,0,0]},"_coverageSchema":"1a1c01bbd47fc00a2c39e90264f33305004495a9","hash":"d72d616edf6bb6cddf48f3a66a9ac544c7bacd2d"}
,"C:\\Users\\Alexander\\Documents\\TP1\\Desarrollo\\recomendacion-alimentos\\controllers\\authController.js": {"path":"C:\\Users\\Alexander\\Documents\\TP1\\Desarrollo\\recomendacion-alimentos\\controllers\\authController.js","statementMap":{"0":{"start":{"line":9,"column":24},"end":{"line":107,"column":1}},"1":{"start":{"line":10,"column":2},"end":{"line":106,"column":3}},"2":{"start":{"line":20,"column":8},"end":{"line":20,"column":16}},"3":{"start":{"line":23,"column":4},"end":{"line":25,"column":5}},"4":{"start":{"line":24,"column":6},"end":{"line":24,"column":83}},"5":{"start":{"line":28,"column":22},"end":{"line":28,"column":49}},"6":{"start":{"line":29,"column":4},"end":{"line":31,"column":5}},"7":{"start":{"line":30,"column":6},"end":{"line":30,"column":97}},"8":{"start":{"line":32,"column":4},"end":{"line":34,"column":5}},"9":{"start":{"line":33,"column":6},"end":{"line":33,"column":107}},"10":{"start":{"line":35,"column":4},"end":{"line":37,"column":5}},"11":{"start":{"line":36,"column":6},"end":{"line":36,"column":107}},"12":{"start":{"line":40,"column":4},"end":{"line":42,"column":5}},"13":{"start":{"line":41,"column":6},"end":{"line":41,"column":102}},"14":{"start":{"line":45,"column":4},"end":{"line":47,"column":5}},"15":{"start":{"line":46,"column":6},"end":{"line":46,"column":93}},"16":{"start":{"line":50,"column":23},"end":{"line":50,"column":51}},"17":{"start":{"line":51,"column":4},"end":{"line":53,"column":5}},"18":{"start":{"line":52,"column":6},"end":{"line":52,"column":77}},"19":{"start":{"line":56,"column":4},"end":{"line":58,"column":5}},"20":{"start":{"line":57,"column":6},"end":{"line":57,"column":96}},"21":{"start":{"line":59,"column":4},"end":{"line":61,"column":5}},"22":{"start":{"line":60,"column":6},"end":{"line":60,"column":78}},"23":{"start":{"line":64,"column":25},"end":{"line":64,"column":48}},"24":{"start":{"line":65,"column":4},"end":{"line":67,"column":5}},"25":{"start":{"line":66,"column":6},"end":{"line":66,"column":96}},"26":{"start":{"line":70,"column":25},"end":{"line":77,"column":6}},"27":{"start":{"line":78,"column":4},"end":{"line":82,"column":5}},"28":{"start":{"line":79,"column":6},"end":{"line":81,"column":9}},"29":{"start":{"line":85,"column":25},"end":{"line":85,"column":47}},"30":{"start":{"line":86,"column":24},"end":{"line":86,"column":45}},"31":{"start":{"line":87,"column":26},"end":{"line":87,"column":49}},"32":{"start":{"line":89,"column":27},"end":{"line":89,"column":58}},"33":{"start":{"line":91,"column":4},"end":{"line":99,"column":7}},"34":{"start":{"line":101,"column":4},"end":{"line":101,"column":82}},"35":{"start":{"line":104,"column":4},"end":{"line":104,"column":58}},"36":{"start":{"line":105,"column":4},"end":{"line":105,"column":98}},"37":{"start":{"line":110,"column":21},"end":{"line":143,"column":1}},"38":{"start":{"line":111,"column":2},"end":{"line":142,"column":3}},"39":{"start":{"line":112,"column":42},"end":{"line":112,"column":50}},"40":{"start":{"line":114,"column":4},"end":{"line":116,"column":5}},"41":{"start":{"line":115,"column":6},"end":{"line":115,"column":87}},"42":{"start":{"line":118,"column":17},"end":{"line":118,"column":67}},"43":{"start":{"line":119,"column":4},"end":{"line":121,"column":5}},"44":{"start":{"line":120,"column":6},"end":{"line":120,"column":71}},"45":{"start":{"line":123,"column":20},"end":{"line":123,"column":65}},"46":{"start":{"line":124,"column":4},"end":{"line":126,"column":5}},"47":{"start":{"line":125,"column":6},"end":{"line":125,"column":71}},"48":{"start":{"line":128,"column":18},"end":{"line":132,"column":5}},"49":{"start":{"line":134,"column":4},"end":{"line":137,"column":7}},"50":{"start":{"line":140,"column":4},"end":{"line":140,"column":55}},"51":{"start":{"line":141,"column":4},"end":{"line":141,"column":72}},"52":{"start":{"line":147,"column":26},"end":{"line":163,"column":1}},"53":{"start":{"line":148,"column":2},"end":{"line":162,"column":3}},"54":{"start":{"line":149,"column":17},"end":{"line":151,"column":6}},"55":{"start":{"line":153,"column":4},"end":{"line":155,"column":5}},"56":{"start":{"line":154,"column":6},"end":{"line":154,"column":71}},"57":{"start":{"line":157,"column":4},"end":{"line":157,"column":44}},"58":{"start":{"line":160,"column":4},"end":{"line":160,"column":55}},"59":{"start":{"line":161,"column":4},"end":{"line":161,"column":67}},"60":{"start":{"line":166,"column":30},"end":{"line":204,"column":1}},"61":{"start":{"line":167,"column":2},"end":{"line":203,"column":3}},"62":{"start":{"line":168,"column":19},"end":{"line":168,"column":34}},"63":{"start":{"line":169,"column":65},"end":{"line":169,"column":73}},"64":{"start":{"line":171,"column":4},"end":{"line":173,"column":5}},"65":{"start":{"line":172,"column":6},"end":{"line":172,"column":83}},"66":{"start":{"line":175,"column":4},"end":{"line":177,"column":5}},"67":{"start":{"line":176,"column":6},"end":{"line":176,"column":102}},"68":{"start":{"line":179,"column":4},"end":{"line":181,"column":5}},"69":{"start":{"line":180,"column":6},"end":{"line":180,"column":85}},"70":{"start":{"line":183,"column":17},"end":{"line":183,"column":44}},"71":{"start":{"line":184,"column":4},"end":{"line":186,"column":5}},"72":{"start":{"line":185,"column":6},"end":{"line":185,"column":71}},"73":{"start":{"line":188,"column":20},"end":{"line":188,"column":73}},"74":{"start":{"line":189,"column":4},"end":{"line":191,"column":5}},"75":{"start":{"line":190,"column":6},"end":{"line":190,"column":78}},"76":{"start":{"line":193,"column":19},"end":{"line":193,"column":54}},"77":{"start":{"line":194,"column":4},"end":{"line":194,"column":27}},"78":{"start":{"line":195,"column":4},"end":{"line":195,"column":36}},"79":{"start":{"line":196,"column":4},"end":{"line":196,"column":22}},"80":{"start":{"line":198,"column":4},"end":{"line":198,"column":67}},"81":{"start":{"line":201,"column":4},"end":{"line":201,"column":59}},"82":{"start":{"line":202,"column":4},"end":{"line":202,"column":79}},"83":{"start":{"line":207,"column":30},"end":{"line":237,"column":1}},"84":{"start":{"line":208,"column":2},"end":{"line":236,"column":3}},"85":{"start":{"line":209,"column":22},"end":{"line":209,"column":30}},"86":{"start":{"line":211,"column":4},"end":{"line":213,"column":5}},"87":{"start":{"line":212,"column":6},"end":{"line":212,"column":73}},"88":{"start":{"line":215,"column":17},"end":{"line":215,"column":57}},"89":{"start":{"line":216,"column":4},"end":{"line":218,"column":5}},"90":{"start":{"line":217,"column":6},"end":{"line":217,"column":84}},"91":{"start":{"line":221,"column":18},"end":{"line":221,"column":56}},"92":{"start":{"line":222,"column":20},"end":{"line":222,"column":47}},"93":{"start":{"line":224,"column":4},"end":{"line":224,"column":36}},"94":{"start":{"line":225,"column":4},"end":{"line":225,"column":50}},"95":{"start":{"line":226,"column":4},"end":{"line":226,"column":22}},"96":{"start":{"line":229,"column":4},"end":{"line":232,"column":7}},"97":{"start":{"line":234,"column":4},"end":{"line":234,"column":55}},"98":{"start":{"line":235,"column":4},"end":{"line":235,"column":53}},"99":{"start":{"line":240,"column":29},"end":{"line":281,"column":1}},"100":{"start":{"line":241,"column":2},"end":{"line":280,"column":3}},"101":{"start":{"line":242,"column":54},"end":{"line":242,"column":62}},"102":{"start":{"line":244,"column":4},"end":{"line":246,"column":5}},"103":{"start":{"line":245,"column":6},"end":{"line":245,"column":82}},"104":{"start":{"line":248,"column":4},"end":{"line":250,"column":5}},"105":{"start":{"line":249,"column":6},"end":{"line":249,"column":69}},"106":{"start":{"line":252,"column":4},"end":{"line":254,"column":5}},"107":{"start":{"line":253,"column":6},"end":{"line":253,"column":77}},"108":{"start":{"line":256,"column":17},"end":{"line":263,"column":6}},"109":{"start":{"line":265,"column":4},"end":{"line":267,"column":5}},"110":{"start":{"line":266,"column":6},"end":{"line":266,"column":74}},"111":{"start":{"line":269,"column":4},"end":{"line":269,"column":56}},"112":{"start":{"line":270,"column":4},"end":{"line":270,"column":35}},"113":{"start":{"line":271,"column":4},"end":{"line":271,"column":37}},"114":{"start":{"line":272,"column":4},"end":{"line":272,"column":36}},"115":{"start":{"line":274,"column":4},"end":{"line":274,"column":22}},"116":{"start":{"line":276,"column":4},"end":{"line":276,"column":69}},"117":{"start":{"line":278,"column":4},"end":{"line":278,"column":54}},"118":{"start":{"line":279,"column":4},"end":{"line":279,"column":53}}},"fnMap":{"0":{"name":"(anonymous_0)","decl":{"start":{"line":9,"column":24},"end":{"line":9,"column":25}},"loc":{"start":{"line":9,"column":44},"end":{"line":107,"column":1}},"line":9},"1":{"name":"(anonymous_1)","decl":{"start":{"line":110,"column":21},"end":{"line":110,"column":22}},"loc":{"start":{"line":110,"column":41},"end":{"line":143,"column":1}},"line":110},"2":{"name":"(anonymous_2)","decl":{"start":{"line":147,"column":26},"end":{"line":147,"column":27}},"loc":{"start":{"line":147,"column":46},"end":{"line":163,"column":1}},"line":147},"3":{"name":"(anonymous_3)","decl":{"start":{"line":166,"column":30},"end":{"line":166,"column":31}},"loc":{"start":{"line":166,"column":50},"end":{"line":204,"column":1}},"line":166},"4":{"name":"(anonymous_4)","decl":{"start":{"line":207,"column":30},"end":{"line":207,"column":31}},"loc":{"start":{"line":207,"column":50},"end":{"line":237,"column":1}},"line":207},"5":{"name":"(anonymous_5)","decl":{"start":{"line":240,"column":29},"end":{"line":240,"column":30}},"loc":{"start":{"line":240,"column":49},"end":{"line":281,"column":1}},"line":240}},"branchMap":{"0":{"loc":{"start":{"line":23,"column":4},"end":{"line":25,"column":5}},"type":"if","locations":[{"start":{"line":23,"column":4},"end":{"line":25,"column":5}},{"start":{},"end":{}}],"line":23},"1":{"loc":{"start":{"line":23,"column":8},"end":{"line":23,"column":113}},"type":"binary-expr","locations":[{"start":{"line":23,"column":8},"end":{"line":23,"column":19}},{"start":{"line":23,"column":23},"end":{"line":23,"column":33}},{"start":{"line":23,"column":37},"end":{"line":23,"column":49}},{"start":{"line":23,"column":53},"end":{"line":23,"column":59}},{"start":{"line":23,"column":63},"end":{"line":23,"column":72}},{"start":{"line":23,"column":76},"end":{"line":23,"column":93}},{"start":{"line":23,"column":97},"end":{"line":23,"column":113}}],"line":23},"2":{"loc":{"start":{"line":29,"column":4},"end":{"line":31,"column":5}},"type":"if","locations":[{"start":{"line":29,"column":4},"end":{"line":31,"column":5}},{"start":{},"end":{}}],"line":29},"3":{"loc":{"start":{"line":32,"column":4},"end":{"line":34,"column":5}},"type":"if","locations":[{"start":{"line":32,"column":4},"end":{"line":34,"column":5}},{"start":{},"end":{}}],"line":32},"4":{"loc":{"start":{"line":35,"column":4},"end":{"line":37,"column":5}},"type":"if","locations":[{"start":{"line":35,"column":4},"end":{"line":37,"column":5}},{"start":{},"end":{}}],"line":35},"5":{"loc":{"start":{"line":40,"column":4},"end":{"line":42,"column":5}},"type":"if","locations":[{"start":{"line":40,"column":4},"end":{"line":42,"column":5}},{"start":{},"end":{}}],"line":40},"6":{"loc":{"start":{"line":40,"column":8},"end":{"line":40,"column":79}},"type":"binary-expr","locations":[{"start":{"line":40,"column":8},"end":{"line":40,"column":29}},{"start":{"line":40,"column":33},"end":{"line":40,"column":53}},{"start":{"line":40,"column":57},"end":{"line":40,"column":79}}],"line":40},"7":{"loc":{"start":{"line":45,"column":4},"end":{"line":47,"column":5}},"type":"if","locations":[{"start":{"line":45,"column":4},"end":{"line":47,"column":5}},{"start":{},"end":{}}],"line":45},"8":{"loc":{"start":{"line":51,"column":4},"end":{"line":53,"column":5}},"type":"if","locations":[{"start":{"line":51,"column":4},"end":{"line":53,"column":5}},{"start":{},"end":{}}],"line":51},"9":{"loc":{"start":{"line":56,"column":4},"end":{"line":58,"column":5}},"type":"if","locations":[{"start":{"line":56,"column":4},"end":{"line":58,"column":5}},{"start":{},"end":{}}],"line":56},"10":{"loc":{"start":{"line":59,"column":4},"end":{"line":61,"column":5}},"type":"if","locations":[{"start":{"line":59,"column":4},"end":{"line":61,"column":5}},{"start":{},"end":{}}],"line":59},"11":{"loc":{"start":{"line":65,"column":4},"end":{"line":67,"column":5}},"type":"if","locations":[{"start":{"line":65,"column":4},"end":{"line":67,"column":5}},{"start":{},"end":{}}],"line":65},"12":{"loc":{"start":{"line":65,"column":8},"end":{"line":65,"column":44}},"type":"binary-expr","locations":[{"start":{"line":65,"column":8},"end":{"line":65,"column":12}},{"start":{"line":65,"column":16},"end":{"line":65,"column":44}}],"line":65},"13":{"loc":{"start":{"line":78,"column":4},"end":{"line":82,"column":5}},"type":"if","locations":[{"start":{"line":78,"column":4},"end":{"line":82,"column":5}},{"start":{},"end":{}}],"line":78},"14":{"loc":{"start":{"line":98,"column":12},"end":{"line":98,"column":32}},"type":"binary-expr","locations":[{"start":{"line":98,"column":12},"end":{"line":98,"column":16}},{"start":{"line":98,"column":20},"end":{"line":98,"column":32}}],"line":98},"15":{"loc":{"start":{"line":114,"column":4},"end":{"line":116,"column":5}},"type":"if","locations":[{"start":{"line":114,"column":4},"end":{"line":116,"column":5}},{"start":{},"end":{}}],"line":114},"16":{"loc":{"start":{"line":114,"column":8},"end":{"line":114,"column":37}},"type":"binary-expr","locations":[{"start":{"line":114,"column":8},"end":{"line":114,"column":24}},{"start":{"line":114,"column":28},"end":{"line":114,"column":37}}],"line":114},"17":{"loc":{"start":{"line":119,"column":4},"end":{"line":121,"column":5}},"type":"if","locations":[{"start":{"line":119,"column":4},"end":{"line":121,"column":5}},{"start":{},"end":{}}],"line":119},"18":{"loc":{"start":{"line":124,"column":4},"end":{"line":126,"column":5}},"type":"if","locations":[{"start":{"line":124,"column":4},"end":{"line":126,"column":5}},{"start":{},"end":{}}],"line":124},"19":{"loc":{"start":{"line":153,"column":4},"end":{"line":155,"column":5}},"type":"if","locations":[{"start":{"line":153,"column":4},"end":{"line":155,"column":5}},{"start":{},"end":{}}],"line":153},"20":{"loc":{"start":{"line":171,"column":4},"end":{"line":173,"column":5}},"type":"if","locations":[{"start":{"line":171,"column":4},"end":{"line":173,"column":5}},{"start":{},"end":{}}],"line":171},"21":{"loc":{"start":{"line":171,"column":8},"end":{"line":171,"column":63}},"type":"binary-expr","locations":[{"start":{"line":171,"column":8},"end":{"line":171,"column":25}},{"start":{"line":171,"column":29},"end":{"line":171,"column":42}},{"start":{"line":171,"column":46},"end":{"line":171,"column":63}}],"line":171},"22":{"loc":{"start":{"line":175,"column":4},"end":{"line":177,"column":5}},"type":"if","locations":[{"start":{"line":175,"column":4},"end":{"line":177,"column":5}},{"start":{},"end":{}}],"line":175},"23":{"loc":{"start":{"line":179,"column":4},"end":{"line":181,"column":5}},"type":"if","locations":[{"start":{"line":179,"column":4},"end":{"line":181,"column":5}},{"start":{},"end":{}}],"line":179},"24":{"loc":{"start":{"line":184,"column":4},"end":{"line":186,"column":5}},"type":"if","locations":[{"start":{"line":184,"column":4},"end":{"line":186,"column":5}},{"start":{},"end":{}}],"line":184},"25":{"loc":{"start":{"line":189,"column":4},"end":{"line":191,"column":5}},"type":"if","locations":[{"start":{"line":189,"column":4},"end":{"line":191,"column":5}},{"start":{},"end":{}}],"line":189},"26":{"loc":{"start":{"line":211,"column":4},"end":{"line":213,"column":5}},"type":"if","locations":[{"start":{"line":211,"column":4},"end":{"line":213,"column":5}},{"start":{},"end":{}}],"line":211},"27":{"loc":{"start":{"line":216,"column":4},"end":{"line":218,"column":5}},"type":"if","locations":[{"start":{"line":216,"column":4},"end":{"line":218,"column":5}},{"start":{},"end":{}}],"line":216},"28":{"loc":{"start":{"line":244,"column":4},"end":{"line":246,"column":5}},"type":"if","locations":[{"start":{"line":244,"column":4},"end":{"line":246,"column":5}},{"start":{},"end":{}}],"line":244},"29":{"loc":{"start":{"line":244,"column":8},"end":{"line":244,"column":52}},"type":"binary-expr","locations":[{"start":{"line":244,"column":8},"end":{"line":244,"column":14}},{"start":{"line":244,"column":18},"end":{"line":244,"column":31}},{"start":{"line":244,"column":35},"end":{"line":244,"column":52}}],"line":244},"30":{"loc":{"start":{"line":248,"column":4},"end":{"line":250,"column":5}},"type":"if","locations":[{"start":{"line":248,"column":4},"end":{"line":250,"column":5}},{"start":{},"end":{}}],"line":248},"31":{"loc":{"start":{"line":252,"column":4},"end":{"line":254,"column":5}},"type":"if","locations":[{"start":{"line":252,"column":4},"end":{"line":254,"column":5}},{"start":{},"end":{}}],"line":252},"32":{"loc":{"start":{"line":265,"column":4},"end":{"line":267,"column":5}},"type":"if","locations":[{"start":{"line":265,"column":4},"end":{"line":267,"column":5}},{"start":{},"end":{}}],"line":265}},"s":{"0":1,"1":0,"2":0,"3":0,"4":0,"5":0,"6":0,"7":0,"8":0,"9":0,"10":0,"11":0,"12":0,"13":0,"14":0,"15":0,"16":0,"17":0,"18":0,"19":0,"20":0,"21":0,"22":0,"23":0,"24":0,"25":0,"26":0,"27":0,"28":0,"29":0,"30":0,"31":0,"32":0,"33":0,"34":0,"35":0,"36":0,"37":1,"38":1,"39":1,"40":1,"41":0,"42":1,"43":1,"44":1,"45":0,"46":0,"47":0,"48":0,"49":0,"50":0,"51":0,"52":1,"53":0,"54":0,"55":0,"56":0,"57":0,"58":0,"59":0,"60":1,"61":0,"62":0,"63":0,"64":0,"65":0,"66":0,"67":0,"68":0,"69":0,"70":0,"71":0,"72":0,"73":0,"74":0,"75":0,"76":0,"77":0,"78":0,"79":0,"80":0,"81":0,"82":0,"83":1,"84":0,"85":0,"86":0,"87":0,"88":0,"89":0,"90":0,"91":0,"92":0,"93":0,"94":0,"95":0,"96":0,"97":0,"98":0,"99":1,"100":0,"101":0,"102":0,"103":0,"104":0,"105":0,"106":0,"107":0,"108":0,"109":0,"110":0,"111":0,"112":0,"113":0,"114":0,"115":0,"116":0,"117":0,"118":0},"f":{"0":0,"1":1,"2":0,"3":0,"4":0,"5":0},"b":{"0":[0,0],"1":[0,0,0,0,0,0,0],"2":[0,0],"3":[0,0],"4":[0,0],"5":[0,0],"6":[0,0,0],"7":[0,0],"8":[0,0],"9":[0,0],"10":[0,0],"11":[0,0],"12":[0,0],"13":[0,0],"14":[0,0],"15":[0,1],"16":[1,1],"17":[1,0],"18":[0,0],"19":[0,0],"20":[0,0],"21":[0,0,0],"22":[0,0],"23":[0,0],"24":[0,0],"25":[0,0],"26":[0,0],"27":[0,0],"28":[0,0],"29":[0,0,0],"30":[0,0],"31":[0,0],"32":[0,0]},"_coverageSchema":"1a1c01bbd47fc00a2c39e90264f33305004495a9","hash":"069c618e05c96a2f89753363375b2a7f7cc047d8"}
,"C:\\Users\\Alexander\\Documents\\TP1\\Desarrollo\\recomendacion-alimentos\\middleware\\authMiddleware.js": {"path":"C:\\Users\\Alexander\\Documents\\TP1\\Desarrollo\\recomendacion-alimentos\\middleware\\authMiddleware.js","statementMap":{"0":{"start":{"line":3,"column":23},"end":{"line":19,"column":1}},"1":{"start":{"line":4,"column":21},"end":{"line":4,"column":46}},"2":{"start":{"line":6,"column":2},"end":{"line":8,"column":3}},"3":{"start":{"line":7,"column":4},"end":{"line":7,"column":69}},"4":{"start":{"line":10,"column":16},"end":{"line":10,"column":40}},"5":{"start":{"line":12,"column":2},"end":{"line":18,"column":3}},"6":{"start":{"line":13,"column":20},"end":{"line":13,"column":61}},"7":{"start":{"line":14,"column":4},"end":{"line":14,"column":23}},"8":{"start":{"line":15,"column":4},"end":{"line":15,"column":11}},"9":{"start":{"line":17,"column":4},"end":{"line":17,"column":61}}},"fnMap":{"0":{"name":"(anonymous_0)","decl":{"start":{"line":3,"column":23},"end":{"line":3,"column":24}},"loc":{"start":{"line":3,"column":43},"end":{"line":19,"column":1}},"line":3}},"branchMap":{"0":{"loc":{"start":{"line":6,"column":2},"end":{"line":8,"column":3}},"type":"if","locations":[{"start":{"line":6,"column":2},"end":{"line":8,"column":3}},{"start":{},"end":{}}],"line":6},"1":{"loc":{"start":{"line":6,"column":6},"end":{"line":6,"column":54}},"type":"binary-expr","locations":[{"start":{"line":6,"column":6},"end":{"line":6,"column":17}},{"start":{"line":6,"column":21},"end":{"line":6,"column":54}}],"line":6}},"s":{"0":1,"1":0,"2":0,"3":0,"4":0,"5":0,"6":0,"7":0,"8":0,"9":0},"f":{"0":0},"b":{"0":[0,0],"1":[0,0]},"_coverageSchema":"1a1c01bbd47fc00a2c39e90264f33305004495a9","hash":"99a89e3e36715d35587a7aca3d527708f677a5a9"}
,"C:\\Users\\Alexander\\Documents\\TP1\\Desarrollo\\recomendacion-alimentos\\middleware\\isAdmin.js": {"path":"C:\\Users\\Alexander\\Documents\\TP1\\Desarrollo\\recomendacion-alimentos\\middleware\\isAdmin.js","statementMap":{"0":{"start":{"line":1,"column":16},"end":{"line":7,"column":3}},"1":{"start":{"line":2,"column":4},"end":{"line":4,"column":5}},"2":{"start":{"line":3,"column":6},"end":{"line":3,"column":91}},"3":{"start":{"line":6,"column":4},"end":{"line":6,"column":11}}},"fnMap":{"0":{"name":"(anonymous_0)","decl":{"start":{"line":1,"column":16},"end":{"line":1,"column":17}},"loc":{"start":{"line":1,"column":36},"end":{"line":7,"column":3}},"line":1}},"branchMap":{"0":{"loc":{"start":{"line":2,"column":4},"end":{"line":4,"column":5}},"type":"if","locations":[{"start":{"line":2,"column":4},"end":{"line":4,"column":5}},{"start":{},"end":{}}],"line":2},"1":{"loc":{"start":{"line":2,"column":8},"end":{"line":2,"column":46}},"type":"binary-expr","locations":[{"start":{"line":2,"column":8},"end":{"line":2,"column":17}},{"start":{"line":2,"column":21},"end":{"line":2,"column":46}}],"line":2}},"s":{"0":1,"1":0,"2":0,"3":0},"f":{"0":0},"b":{"0":[0,0],"1":[0,0]},"_coverageSchema":"1a1c01bbd47fc00a2c39e90264f33305004495a9","hash":"94bc7b694a97e98804b6b7fed9ae245d35ba4f77"}
,"C:\\Users\\Alexander\\Documents\\TP1\\Desarrollo\\recomendacion-alimentos\\models\\AuditLog.js": {"path":"C:\\Users\\Alexander\\Documents\\TP1\\Desarrollo\\recomendacion-alimentos\\models\\AuditLog.js","statementMap":{"0":{"start":{"line":6,"column":17},"end":{"line":33,"column":2}},"1":{"start":{"line":36,"column":0},"end":{"line":39,"column":3}}},"fnMap":{},"branchMap":{},"s":{"0":1,"1":1},"f":{},"b":{},"_coverageSchema":"1a1c01bbd47fc00a2c39e90264f33305004495a9","hash":"67f2518e2ba13dd5e2e1789725351a67ba9f9717"}
,"C:\\Users\\Alexander\\Documents\\TP1\\Desarrollo\\recomendacion-alimentos\\models\\user.js": {"path":"C:\\Users\\Alexander\\Documents\\TP1\\Desarrollo\\recomendacion-alimentos\\models\\user.js","statementMap":{"0":{"start":{"line":2,"column":22},"end":{"line":2,"column":25}},"1":{"start":{"line":5,"column":13},"end":{"line":57,"column":1}}},"fnMap":{},"branchMap":{},"s":{"0":1,"1":1},"f":{},"b":{},"_coverageSchema":"1a1c01bbd47fc00a2c39e90264f33305004495a9","hash":"3c76a5b0e701f493c4bf429a7469c386e5ecf625"}
,"C:\\Users\\Alexander\\Documents\\TP1\\Desarrollo\\recomendacion-alimentos\\routes\\adminRoutes.js": {"path":"C:\\Users\\Alexander\\Documents\\TP1\\Desarrollo\\recomendacion-alimentos\\routes\\adminRoutes.js","statementMap":{"0":{"start":{"line":18,"column":15},"end":{"line":18,"column":31}},"1":{"start":{"line":23,"column":0},"end":{"line":28,"column":3}},"2":{"start":{"line":24,"column":2},"end":{"line":27,"column":5}},"3":{"start":{"line":33,"column":0},"end":{"line":33,"column":59}},"4":{"start":{"line":34,"column":0},"end":{"line":34,"column":63}},"5":{"start":{"line":35,"column":0},"end":{"line":35,"column":62}},"6":{"start":{"line":36,"column":0},"end":{"line":36,"column":65}},"7":{"start":{"line":41,"column":0},"end":{"line":41,"column":72}},"8":{"start":{"line":44,"column":0},"end":{"line":44,"column":71}},"9":{"start":{"line":47,"column":0},"end":{"line":47,"column":71}},"10":{"start":{"line":50,"column":0},"end":{"line":50,"column":65}}},"fnMap":{"0":{"name":"(anonymous_0)","decl":{"start":{"line":23,"column":50},"end":{"line":23,"column":51}},"loc":{"start":{"line":23,"column":64},"end":{"line":28,"column":1}},"line":23}},"branchMap":{},"s":{"0":1,"1":1,"2":0,"3":1,"4":1,"5":1,"6":1,"7":1,"8":1,"9":1,"10":1},"f":{"0":0},"b":{},"_coverageSchema":"1a1c01bbd47fc00a2c39e90264f33305004495a9","hash":"df05a3699664bd3cfe5029e9db5da4ed0c26d6ad"}
,"C:\\Users\\Alexander\\Documents\\TP1\\Desarrollo\\recomendacion-alimentos\\routes\\authRoutes.js": {"path":"C:\\Users\\Alexander\\Documents\\TP1\\Desarrollo\\recomendacion-alimentos\\routes\\authRoutes.js","statementMap":{"0":{"start":{"line":5,"column":15},"end":{"line":5,"column":31}},"1":{"start":{"line":7,"column":0},"end":{"line":7,"column":35}},"2":{"start":{"line":8,"column":0},"end":{"line":8,"column":29}},"3":{"start":{"line":11,"column":0},"end":{"line":11,"column":51}},"4":{"start":{"line":14,"column":0},"end":{"line":14,"column":63}},"5":{"start":{"line":17,"column":0},"end":{"line":17,"column":48}},"6":{"start":{"line":18,"column":0},"end":{"line":18,"column":46}}},"fnMap":{},"branchMap":{},"s":{"0":1,"1":1,"2":1,"3":1,"4":1,"5":1,"6":1},"f":{},"b":{},"_coverageSchema":"1a1c01bbd47fc00a2c39e90264f33305004495a9","hash":"35daa326909631e369b77e8f5921d218d04ed1ca"}
,"C:\\Users\\Alexander\\Documents\\TP1\\Desarrollo\\recomendacion-alimentos\\utils\\capitalize.js": {"path":"C:\\Users\\Alexander\\Documents\\TP1\\Desarrollo\\recomendacion-alimentos\\utils\\capitalize.js","statementMap":{"0":{"start":{"line":3,"column":2},"end":{"line":8,"column":15}},"1":{"start":{"line":7,"column":17},"end":{"line":7,"column":61}}},"fnMap":{"0":{"name":"capitalize","decl":{"start":{"line":2,"column":24},"end":{"line":2,"column":34}},"loc":{"start":{"line":2,"column":45},"end":{"line":9,"column":1}},"line":2},"1":{"name":"(anonymous_1)","decl":{"start":{"line":7,"column":9},"end":{"line":7,"column":10}},"loc":{"start":{"line":7,"column":17},"end":{"line":7,"column":61}},"line":7}},"branchMap":{"0":{"loc":{"start":{"line":2,"column":35},"end":{"line":2,"column":43}},"type":"default-arg","locations":[{"start":{"line":2,"column":41},"end":{"line":2,"column":43}}],"line":2}},"s":{"0":0,"1":0},"f":{"0":0,"1":0},"b":{"0":[0]},"_coverageSchema":"1a1c01bbd47fc00a2c39e90264f33305004495a9","hash":"ef20bb85a2154179de71dc8806c4bbe88a6c5755"}
,"C:\\Users\\Alexander\\Documents\\TP1\\Desarrollo\\recomendacion-alimentos\\utils\\emailSender.js": {"path":"C:\\Users\\Alexander\\Documents\\TP1\\Desarrollo\\recomendacion-alimentos\\utils\\emailSender.js","statementMap":{"0":{"start":{"line":3,"column":32},"end":{"line":34,"column":1}},"1":{"start":{"line":4,"column":2},"end":{"line":33,"column":3}},"2":{"start":{"line":5,"column":24},"end":{"line":11,"column":6}},"3":{"start":{"line":13,"column":24},"end":{"line":25,"column":5}},"4":{"start":{"line":27,"column":4},"end":{"line":27,"column":44}},"5":{"start":{"line":28,"column":4},"end":{"line":28,"column":50}},"6":{"start":{"line":31,"column":4},"end":{"line":31,"column":54}},"7":{"start":{"line":32,"column":4},"end":{"line":32,"column":65}}},"fnMap":{"0":{"name":"(anonymous_0)","decl":{"start":{"line":3,"column":32},"end":{"line":3,"column":33}},"loc":{"start":{"line":3,"column":75},"end":{"line":34,"column":1}},"line":3}},"branchMap":{},"s":{"0":1,"1":0,"2":0,"3":0,"4":0,"5":0,"6":0,"7":0},"f":{"0":0},"b":{},"_coverageSchema":"1a1c01bbd47fc00a2c39e90264f33305004495a9","hash":"5685ac523f5efafaac426f3bc8bceb1ee66c278f"}
}
