TN:
SF:app.js
FNF:0
FNH:0
DA:10,1
DA:12,1
DA:13,1
DA:16,1
DA:17,1
DA:19,1
DA:20,1
LF:7
LH:7
BRF:0
BRH:0
end_of_record
TN:
SF:config\db.js
FN:9,(anonymous_0)
FNF:1
FNH:1
FNDA:7,(anonymous_0)
DA:2,1
DA:5,1
DA:7,1
DA:11,7
DA:17,0
LF:5
LH:4
BRDA:11,0,0,0
BRDA:11,0,1,7
BRDA:12,1,0,7
BRDA:12,1,1,7
BRDA:12,1,2,7
BRDA:12,1,3,7
BRF:6
BRH:5
end_of_record
TN:
SF:controllers\adminController.js
FN:10,(anonymous_0)
FN:45,(anonymous_1)
FN:62,(anonymous_2)
FN:150,(anonymous_3)
FN:178,(anonymous_4)
FN:227,(anonymous_5)
FN:249,(anonymous_6)
FN:317,(anonymous_7)
FNF:8
FNH:0
FNDA:0,(anonymous_0)
FNDA:0,(anonymous_1)
FNDA:0,(anonymous_2)
FNDA:0,(anonymous_3)
FNDA:0,(anonymous_4)
FNDA:0,(anonymous_5)
FNDA:0,(anonymous_6)
FNDA:0,(anonymous_7)
DA:10,1
DA:11,0
DA:12,0
DA:13,0
DA:14,0
DA:15,0
DA:16,0
DA:17,0
DA:19,0
DA:29,0
DA:31,0
DA:39,0
DA:40,0
DA:45,1
DA:46,0
DA:47,0
DA:51,0
DA:52,0
DA:55,0
DA:57,0
DA:62,1
DA:63,0
DA:64,0
DA:66,0
DA:67,0
DA:78,0
DA:80,0
DA:81,0
DA:82,0
DA:84,0
DA:86,0
DA:87,0
DA:89,0
DA:90,0
DA:92,0
DA:93,0
DA:96,0
DA:97,0
DA:102,0
DA:103,0
DA:104,0
DA:109,0
DA:118,0
DA:119,0
DA:120,0
DA:123,0
DA:126,0
DA:127,0
DA:135,0
DA:137,0
DA:142,0
DA:143,0
DA:150,1
DA:151,0
DA:152,0
DA:154,0
DA:155,0
DA:158,0
DA:160,0
DA:162,0
DA:170,0
DA:172,0
DA:173,0
DA:178,1
DA:179,0
DA:180,0
DA:184,0
DA:185,0
DA:188,0
DA:189,0
DA:192,0
DA:194,0
DA:203,0
DA:204,0
DA:205,0
DA:208,0
DA:210,0
DA:219,0
DA:221,0
DA:222,0
DA:227,1
DA:228,0
DA:229,0
DA:230,0
DA:232,0
DA:233,0
DA:234,0
DA:237,0
DA:242,0
DA:244,0
DA:245,0
DA:249,1
DA:250,0
DA:251,0
DA:252,0
DA:253,0
DA:255,0
DA:256,0
DA:259,0
DA:260,0
DA:261,0
DA:263,0
DA:264,0
DA:268,0
DA:269,0
DA:273,0
DA:274,0
DA:280,0
DA:281,0
DA:286,0
DA:289,0
DA:290,0
DA:293,0
DA:301,0
DA:311,0
DA:312,0
DA:317,1
DA:318,0
DA:325,0
DA:328,0
DA:329,0
DA:332,0
DA:338,0
DA:339,0
DA:342,0
DA:343,0
DA:344,0
DA:348,0
DA:349,0
DA:352,0
DA:364,0
DA:371,0
DA:382,0
DA:383,0
LF:134
LH:8
BRDA:13,0,0,0
BRDA:13,0,1,0
BRDA:14,1,0,0
BRDA:14,1,1,0
BRDA:16,2,0,0
BRDA:16,2,1,0
BRDA:17,3,0,0
BRDA:17,3,1,0
BRDA:51,4,0,0
BRDA:51,4,1,0
BRDA:66,5,0,0
BRDA:66,5,1,0
BRDA:80,6,0,0
BRDA:80,6,1,0
BRDA:81,7,0,0
BRDA:81,7,1,0
BRDA:82,8,0,0
BRDA:82,8,1,0
BRDA:86,9,0,0
BRDA:86,9,1,0
BRDA:86,10,0,0
BRDA:86,10,1,0
BRDA:89,11,0,0
BRDA:89,11,1,0
BRDA:89,12,0,0
BRDA:89,12,1,0
BRDA:92,13,0,0
BRDA:92,13,1,0
BRDA:92,14,0,0
BRDA:92,14,1,0
BRDA:96,15,0,0
BRDA:96,15,1,0
BRDA:96,16,0,0
BRDA:96,16,1,0
BRDA:103,17,0,0
BRDA:103,17,1,0
BRDA:103,18,0,0
BRDA:103,18,1,0
BRDA:118,19,0,0
BRDA:118,19,1,0
BRDA:154,20,0,0
BRDA:154,20,1,0
BRDA:184,21,0,0
BRDA:184,21,1,0
BRDA:188,22,0,0
BRDA:188,22,1,0
BRDA:204,23,0,0
BRDA:204,23,1,0
BRDA:233,24,0,0
BRDA:233,24,1,0
BRDA:255,25,0,0
BRDA:255,25,1,0
BRDA:263,26,0,0
BRDA:263,26,1,0
BRDA:268,27,0,0
BRDA:268,27,1,0
BRDA:268,28,0,0
BRDA:268,28,1,0
BRDA:273,29,0,0
BRDA:273,29,1,0
BRDA:280,30,0,0
BRDA:280,30,1,0
BRDA:280,31,0,0
BRDA:280,31,1,0
BRDA:328,32,0,0
BRDA:328,32,1,0
BRDA:328,33,0,0
BRDA:328,33,1,0
BRDA:328,33,2,0
BRDA:328,33,3,0
BRDA:328,33,4,0
BRDA:338,34,0,0
BRDA:338,34,1,0
BRDA:343,35,0,0
BRDA:343,35,1,0
BRDA:343,36,0,0
BRDA:343,36,1,0
BRDA:343,36,2,0
BRF:78
BRH:0
end_of_record
TN:
SF:controllers\authController.js
FN:9,(anonymous_0)
FN:110,(anonymous_1)
FN:147,(anonymous_2)
FN:166,(anonymous_3)
FN:207,(anonymous_4)
FN:240,(anonymous_5)
FNF:6
FNH:1
FNDA:0,(anonymous_0)
FNDA:1,(anonymous_1)
FNDA:0,(anonymous_2)
FNDA:0,(anonymous_3)
FNDA:0,(anonymous_4)
FNDA:0,(anonymous_5)
DA:9,1
DA:10,0
DA:20,0
DA:23,0
DA:24,0
DA:28,0
DA:29,0
DA:30,0
DA:32,0
DA:33,0
DA:35,0
DA:36,0
DA:40,0
DA:41,0
DA:45,0
DA:46,0
DA:50,0
DA:51,0
DA:52,0
DA:56,0
DA:57,0
DA:59,0
DA:60,0
DA:64,0
DA:65,0
DA:66,0
DA:70,0
DA:78,0
DA:79,0
DA:85,0
DA:86,0
DA:87,0
DA:89,0
DA:91,0
DA:101,0
DA:104,0
DA:105,0
DA:110,1
DA:111,1
DA:112,1
DA:114,1
DA:115,0
DA:118,1
DA:119,1
DA:120,1
DA:123,0
DA:124,0
DA:125,0
DA:128,0
DA:134,0
DA:140,0
DA:141,0
DA:147,1
DA:148,0
DA:149,0
DA:153,0
DA:154,0
DA:157,0
DA:160,0
DA:161,0
DA:166,1
DA:167,0
DA:168,0
DA:169,0
DA:171,0
DA:172,0
DA:175,0
DA:176,0
DA:179,0
DA:180,0
DA:183,0
DA:184,0
DA:185,0
DA:188,0
DA:189,0
DA:190,0
DA:193,0
DA:194,0
DA:195,0
DA:196,0
DA:198,0
DA:201,0
DA:202,0
DA:207,1
DA:208,0
DA:209,0
DA:211,0
DA:212,0
DA:215,0
DA:216,0
DA:217,0
DA:221,0
DA:222,0
DA:224,0
DA:225,0
DA:226,0
DA:229,0
DA:234,0
DA:235,0
DA:240,1
DA:241,0
DA:242,0
DA:244,0
DA:245,0
DA:248,0
DA:249,0
DA:252,0
DA:253,0
DA:256,0
DA:265,0
DA:266,0
DA:269,0
DA:270,0
DA:271,0
DA:272,0
DA:274,0
DA:276,0
DA:278,0
DA:279,0
LF:119
LH:12
BRDA:23,0,0,0
BRDA:23,0,1,0
BRDA:23,1,0,0
BRDA:23,1,1,0
BRDA:23,1,2,0
BRDA:23,1,3,0
BRDA:23,1,4,0
BRDA:23,1,5,0
BRDA:23,1,6,0
BRDA:29,2,0,0
BRDA:29,2,1,0
BRDA:32,3,0,0
BRDA:32,3,1,0
BRDA:35,4,0,0
BRDA:35,4,1,0
BRDA:40,5,0,0
BRDA:40,5,1,0
BRDA:40,6,0,0
BRDA:40,6,1,0
BRDA:40,6,2,0
BRDA:45,7,0,0
BRDA:45,7,1,0
BRDA:51,8,0,0
BRDA:51,8,1,0
BRDA:56,9,0,0
BRDA:56,9,1,0
BRDA:59,10,0,0
BRDA:59,10,1,0
BRDA:65,11,0,0
BRDA:65,11,1,0
BRDA:65,12,0,0
BRDA:65,12,1,0
BRDA:78,13,0,0
BRDA:78,13,1,0
BRDA:98,14,0,0
BRDA:98,14,1,0
BRDA:114,15,0,0
BRDA:114,15,1,1
BRDA:114,16,0,1
BRDA:114,16,1,1
BRDA:119,17,0,1
BRDA:119,17,1,0
BRDA:124,18,0,0
BRDA:124,18,1,0
BRDA:153,19,0,0
BRDA:153,19,1,0
BRDA:171,20,0,0
BRDA:171,20,1,0
BRDA:171,21,0,0
BRDA:171,21,1,0
BRDA:171,21,2,0
BRDA:175,22,0,0
BRDA:175,22,1,0
BRDA:179,23,0,0
BRDA:179,23,1,0
BRDA:184,24,0,0
BRDA:184,24,1,0
BRDA:189,25,0,0
BRDA:189,25,1,0
BRDA:211,26,0,0
BRDA:211,26,1,0
BRDA:216,27,0,0
BRDA:216,27,1,0
BRDA:244,28,0,0
BRDA:244,28,1,0
BRDA:244,29,0,0
BRDA:244,29,1,0
BRDA:244,29,2,0
BRDA:248,30,0,0
BRDA:248,30,1,0
BRDA:252,31,0,0
BRDA:252,31,1,0
BRDA:265,32,0,0
BRDA:265,32,1,0
BRF:74
BRH:4
end_of_record
TN:
SF:middleware\authMiddleware.js
FN:3,(anonymous_0)
FNF:1
FNH:0
FNDA:0,(anonymous_0)
DA:3,1
DA:4,0
DA:6,0
DA:7,0
DA:10,0
DA:12,0
DA:13,0
DA:14,0
DA:15,0
DA:17,0
LF:10
LH:1
BRDA:6,0,0,0
BRDA:6,0,1,0
BRDA:6,1,0,0
BRDA:6,1,1,0
BRF:4
BRH:0
end_of_record
TN:
SF:middleware\isAdmin.js
FN:1,(anonymous_0)
FNF:1
FNH:0
FNDA:0,(anonymous_0)
DA:1,1
DA:2,0
DA:3,0
DA:6,0
LF:4
LH:1
BRDA:2,0,0,0
BRDA:2,0,1,0
BRDA:2,1,0,0
BRDA:2,1,1,0
BRF:4
BRH:0
end_of_record
TN:
SF:models\AuditLog.js
FNF:0
FNH:0
DA:6,1
DA:36,1
LF:2
LH:2
BRF:0
BRH:0
end_of_record
TN:
SF:models\user.js
FNF:0
FNH:0
DA:2,1
DA:5,1
LF:2
LH:2
BRF:0
BRH:0
end_of_record
TN:
SF:routes\adminRoutes.js
FN:23,(anonymous_0)
FNF:1
FNH:0
FNDA:0,(anonymous_0)
DA:18,1
DA:23,1
DA:24,0
DA:33,1
DA:34,1
DA:35,1
DA:36,1
DA:41,1
DA:44,1
DA:47,1
DA:50,1
LF:11
LH:10
BRF:0
BRH:0
end_of_record
TN:
SF:routes\authRoutes.js
FNF:0
FNH:0
DA:5,1
DA:7,1
DA:8,1
DA:11,1
DA:14,1
DA:17,1
DA:18,1
LF:7
LH:7
BRF:0
BRH:0
end_of_record
TN:
SF:utils\capitalize.js
FN:2,capitalize
FN:7,(anonymous_1)
FNF:2
FNH:0
FNDA:0,capitalize
FNDA:0,(anonymous_1)
DA:3,0
DA:7,0
LF:2
LH:0
BRDA:2,0,0,0
BRF:1
BRH:0
end_of_record
TN:
SF:utils\emailSender.js
FN:3,(anonymous_0)
FNF:1
FNH:0
FNDA:0,(anonymous_0)
DA:3,1
DA:4,0
DA:5,0
DA:13,0
DA:27,0
DA:28,0
DA:31,0
DA:32,0
LF:8
LH:1
BRF:0
BRH:0
end_of_record
